<?xml version="1.0" encoding="UTF-8"?>
<!-- Generated by org.testng.reporters.JUnitXMLReporter -->
<testsuite ignored="3" hostname="DESKTOP-G3CV4PD" failures="0" tests="1" name="Default test" time="17.859" errors="0" timestamp="2022-07-25T14:46:33 IST">
  <testcase classname="testCases.HomePageModulesTest" name="aboutUsTest" time="11.997"/>
  <testcase classname="testCases.HomePageModulesTest" name="LoginTest" time="0.0">
    <ignored/>
  </testcase> <!-- LoginTest -->
  <testcase classname="testCases.HomePageModulesTest" name="cartTest" time="0.0">
    <ignored/>
  </testcase> <!-- cartTest -->
  <testcase classname="testCases.HomePageModulesTest" name="RegistrationTest" time="0.0">
    <ignored/>
  </testcase> <!-- RegistrationTest -->
</testsuite> <!-- Default test -->
