<?xml version="1.0" encoding="UTF-8"?>
<!-- Generated by org.testng.reporters.JUnitXMLReporter -->
<testsuite ignored="9" hostname="DESKTOP-G3CV4PD" failures="0" tests="1" name="Default test" time="23.955" errors="0" timestamp="2022-07-25T20:47:38 IST">
  <testcase classname="testCases.HomePageModulesTest" name="nextPrevListTest" time="12.435"/>
  <testcase classname="testCases.HomePageModulesTest" name="LoginTest" time="0.0">
    <ignored/>
  </testcase> <!-- LoginTest -->
  <testcase classname="testCases.HomePageModulesTest" name="aboutUsTest" time="0.0">
    <ignored/>
  </testcase> <!-- aboutUsTest -->
  <testcase classname="testCases.HomePageModulesTest" name="logoutTest" time="0.0">
    <ignored/>
  </testcase> <!-- logoutTest -->
  <testcase classname="testCases.HomePageModulesTest" name="contactTest" time="0.0">
    <ignored/>
  </testcase> <!-- contactTest -->
  <testcase classname="testCases.HomePageModulesTest" name="bannerSlidingTest" time="0.0">
    <ignored/>
  </testcase> <!-- bannerSlidingTest -->
  <testcase classname="testCases.HomePageModulesTest" name="homeLinkTest" time="0.0">
    <ignored/>
  </testcase> <!-- homeLinkTest -->
  <testcase classname="testCases.HomePageModulesTest" name="logoTest" time="0.0">
    <ignored/>
  </testcase> <!-- logoTest -->
  <testcase classname="testCases.HomePageModulesTest" name="cartTest" time="0.0">
    <ignored/>
  </testcase> <!-- cartTest -->
  <testcase classname="testCases.HomePageModulesTest" name="RegistrationTest" time="0.0">
    <ignored/>
  </testcase> <!-- RegistrationTest -->
</testsuite> <!-- Default test -->
