<?xml version="1.0" encoding="UTF-8"?>
<!-- Generated by org.testng.reporters.JUnitXMLReporter -->
<testsuite ignored="1" hostname="DESKTOP-G3CV4PD" failures="0" tests="2" name="Test" time="80.87" errors="0" timestamp="2022-07-27T01:01:25 IST">
  <testcase classname="testCases.PhonesModuleTest" name="addingPhonestoCartTest" time="59.407"/>
  <testcase classname="testCases.CartPageTest" name="productsPurchaseTest" time="9.324"/>
  <testcase classname="testCases.CartPageTest" name="productDeletionTest" time="0.0">
    <ignored/>
  </testcase> <!-- productDeletionTest -->
</testsuite> <!-- Test -->
